{"Plan": {"Node Type": "Hash Join", "Parallel Aware": false, "Async Capable": false, "Join Type": "Inner", "Startup Cost": 5849.75, "Total Cost": 44843.36, "Plan Rows": 299800, "Plan Width": 16, "Inner Unique": true, "Hash Cond": "(o.o_custkey = c.c_custkey)", "Plans": [{"Node Type": "Seq Scan", "Parent Relationship": "Outer", "Parallel Aware": false, "Async Capable": false, "Relation Name": "orders", "Alias": "o", "Startup Cost": 0.0, "Total Cost": 35056.0, "Plan Rows": 1500000, "Plan Width": 4}, {"Node Type": "Hash", "Parent Relationship": "Inner", "Parallel Aware": false, "Async Capable": false, "Startup Cost": 5475.0, "Total Cost": 5475.0, "Plan Rows": 29980, "Plan Width": 20, "Plans": [{"Node Type": "Seq Scan", "Parent Relationship": "Outer", "Parallel Aware": false, "Async Capable": false, "Relation Name": "customer", "Alias": "c", "Startup Cost": 0.0, "Total Cost": 5475.0, "Plan Rows": 29980, "Plan Width": 20, "Filter": "(c_mktsegment = 'FURNITURE'::bpchar)"}]}]}}