{"Plan": {"Node Type": "Limit", "Parallel Aware": false, "Async Capable": false, "Startup Cost": 5647.03, "Total Cost": 5648.2, "Plan Rows": 10, "Plan Width": 158, "Plans": [{"Node Type": "Gather Merge", "Parent Relationship": "Outer", "Parallel Aware": false, "Async Capable": false, "Startup Cost": 5647.03, "Total Cost": 8516.76, "Plan Rows": 24596, "Plan Width": 158, "Workers Planned": 2, "Plans": [{"Node Type": "Sort", "Parent Relationship": "Outer", "Parallel Aware": false, "Async Capable": false, "Startup Cost": 4647.01, "Total Cost": 4677.75, "Plan Rows": 12298, "Plan Width": 158, "Sort Key": ["c_acctbal DESC"], "Plans": [{"Node Type": "Seq Scan", "Parent Relationship": "Outer", "Parallel Aware": true, "Async Capable": false, "Relation Name": "customer", "Alias": "customer", "Startup Cost": 0.0, "Total Cost": 4381.25, "Plan Rows": 12298, "Plan Width": 158, "Filter": "(c_mktsegment = 'BUILDING'::bpchar)"}]}]}]}}