{
    "Plan": {
        "Node Type": "Aggregate",
        "Strategy": "Sorted",
        "Partial Mode": "Finalize",
        "Parallel Aware": false,
        "Async Capable": false,
        "Startup Cost": 37078.05,
        "Total Cost": 37079.32,
        "Plan Rows": 5,
        "Plan Width": 19,
        "Group Key": [
            "c.c_mktsegment"
        ],
        "Plans": [
            {
                "Node Type": "Gather Merge",
                "Parent Relationship": "Outer",
                "Parallel Aware": false,
                "Async Capable": false,
                "Startup Cost": 37078.05,
                "Total Cost": 37079.22,
                "Plan Rows": 10,
                "Plan Width": 19,
                "Workers Planned": 2,
                "Plans": [
                    {
                        "Node Type": "Sort",
                        "Parent Relationship": "Outer",
                        "Parallel Aware": false,
                        "Async Capable": false,
                        "Startup Cost": 36078.03,
                        "Total Cost": 36078.04,
                        "Plan Rows": 5,
                        "Plan Width": 19,
                        "Sort Key": [
                            "c.c_mktsegment"
                        ],
                        "Plans": [
                            {
                                "Node Type": "Aggregate",
                                "Strategy": "Hashed",
                                "Partial Mode": "Partial",
                                "Parent Relationship": "Outer",
                                "Parallel Aware": false,
                                "Async Capable": false,
                                "Startup Cost": 36077.92,
                                "Total Cost": 36077.97,
                                "Plan Rows": 5,
                                "Plan Width": 19,
                                "Group Key": [
                                    "c.c_mktsegment"
                                ],
                                "Planned Partitions": 0,
                                "Plans": [
                                    {
                                        "Node Type": "Hash Join",
                                        "Parent Relationship": "Outer",
                                        "Parallel Aware": true,
                                        "Async Capable": false,
                                        "Join Type": "Inner",
                                        "Startup Cost": 5006.25,
                                        "Total Cost": 32952.92,
                                        "Plan Rows": 625000,
                                        "Plan Width": 11,
                                        "Inner Unique": true,
                                        "Hash Cond": "(cond1 OR (cond2 AND cond3))",
                                        "Plans": [
                                            {
                                                "Node Type": "Seq Scan",
                                                "Parent Relationship": "Outer",
                                                "Parallel Aware": true,
                                                "Async Capable": false,
                                                "Relation Name": "orders",
                                                "Alias": "o",
                                                "Startup Cost": 0.0,
                                                "Total Cost": 26306.0,
                                                "Plan Rows": 625000,
                                                "Plan Width": 4
                                            },
                                            {
                                                "Node Type": "Hash",
                                                "Parent Relationship": "Inner",
                                                "Parallel Aware": true,
                                                "Async Capable": false,
                                                "Startup Cost": 4225.0,
                                                "Total Cost": 4225.0,
                                                "Plan Rows": 62500,
                                                "Plan Width": 15,
                                                "Plans": [
                                                    {
                                                        "Node Type": "Seq Scan",
                                                        "Parent Relationship": "Outer",
                                                        "Parallel Aware": true,
                                                        "Async Capable": false,
                                                        "Relation Name": "customer",
                                                        "Alias": "c",
                                                        "Startup Cost": 0.0,
                                                        "Total Cost": 4225.0,
                                                        "Plan Rows": 62500,
                                                        "Plan Width": 15
                                                    }
                                                ]
                                            }
                                        ]
                                    }
                                ]
                            }
                        ]
                    }
                ]
            }
        ]
    }
}